1498645979 0.129675 0.0341263 0.0115074 0.00165207 0.000385728
1498646301 0.129675 0.0341263 0.0115074 0.00165207 0.000385728
1498646401 0.129675 0.0341263 0.0115074 0.00165207 0.000385728
1498646501 0.129675 0.0341263 0.0115074 0.00165207 0.000385728
1498646601 0.129675 0.0341263 0.0115074 0.00165207 0.000385728
1498646701 0.129675 0.0341263 0.0115074 0.00165207 0.000385728
1498646801 0.129675 0.0341263 0.0115074 0.00165207 0.000385728
1498646901 0.243691 0.0674443 0.0230067 0.00331954 0.000775548
1498647001 0.243691 0.0674443 0.0230067 0.00331954 0.000775548
1498647101 0.243691 0.0674443 0.0230067 0.00331954 0.000775548
1498647201 0.243691 0.0674443 0.0230067 0.00331954 0.000775548
1498647301 0.243691 0.0674443 0.0230067 0.00331954 0.000775548
1498647401 0.243691 0.0674443 0.0230067 0.00331954 0.000775548
1498647501 0.243691 0.0674443 0.0230067 0.00331954 0.000775548
1498647601 0.243691 0.0674443 0.0230067 0.00331954 0.000775548
1498647701 0.243691 0.0674443 0.0230067 0.00331954 0.000775548
1498647801 0.243691 0.0674443 0.0230067 0.00331954 0.000775548
1498647901 0 0 0 0 0
1498648001 0.342771 0.099613 0.0343722 0.00498423 0.00116522
1498648101 0.342771 0.099613 0.0343722 0.00498423 0.00116522
1498648201 0.342771 0.099613 0.0343722 0.00498423 0.00116522
1498648301 0.342771 0.099613 0.0343722 0.00498423 0.00116522
1498648401 0.342771 0.099613 0.0343722 0.00498423 0.00116522
1498648501 0.342771 0.099613 0.0343722 0.00498423 0.00116522
1498648601 0.342771 0.099613 0.0343722 0.00498423 0.00116522
1498648701 0.342771 0.099613 0.0343722 0.00498423 0.00116522
1498648801 0.342771 0.099613 0.0343722 0.00498423 0.00116522
1498648901 0.342771 0.099613 0.0343722 0.00498423 0.00116522
1498649001 0.297949 0.0961835 0.0339732 0.00497592 0.00116476
1498649101 0.297949 0.0961835 0.0339732 0.00497592 0.00116476
1498649201 0.297949 0.0961835 0.0339732 0.00497592 0.00116476
1498649301 0.297949 0.0961835 0.0339732 0.00497592 0.00116476
1498649401 0.297949 0.0961835 0.0339732 0.00497592 0.00116476
1498649501 0.297949 0.0961835 0.0339732 0.00497592 0.00116476
1498649601 0.297949 0.0961835 0.0339732 0.00497592 0.00116476
1498649701 0.297949 0.0961835 0.0339732 0.00497592 0.00116476
1498649801 0.297949 0.0961835 0.0339732 0.00497592 0.00116476
1498649901 0.297949 0.0961835 0.0339732 0.00497592 0.00116476
1498650001 0.389921 0.127361 0.0452111 0.00663784 0.00155428
1498650101 0.389921 0.127361 0.0452111 0.00663784 0.00155428
1498650201 0.389921 0.127361 0.0452111 0.00663784 0.00155428
1498650999 0.469843 0.157463 0.0563184 0.00829699 0.00194364
1498651099 0.469843 0.157463 0.0563184 0.00829699 0.00194364
1498651199 0.469843 0.157463 0.0563184 0.00829699 0.00194364
1498651299 0.469843 0.157463 0.0563184 0.00829699 0.00194364
1498651399 0.469843 0.157463 0.0563184 0.00829699 0.00194364
1498651499 0.469843 0.157463 0.0563184 0.00829699 0.00194364
1498651599 0.469843 0.157463 0.0563184 0.00829699 0.00194364
1498651863 0.469843 0.157463 0.0563184 0.00829699 0.00194364
1498651963 0.539296 0.186526 0.0672964 0.00995336 0.00233285
1498652063 0.539296 0.186526 0.0672964 0.00995336 0.00233285
1498652163 0.539296 0.186526 0.0672964 0.00995336 0.00233285
1498652263 0.539296 0.186526 0.0672964 0.00995336 0.00233285
1498652363 0.539296 0.186526 0.0672964 0.00995336 0.00233285
1498652463 0.539296 0.186526 0.0672964 0.00995336 0.00233285
1498652563 0.539296 0.186526 0.0672964 0.00995336 0.00233285
1498652663 0.539296 0.186526 0.0672964 0.00995336 0.00233285
1498652763 0.539296 0.186526 0.0672964 0.00995336 0.00233285
1498652863 0.539296 0.186526 0.0672964 0.00995336 0.00233285
1498652963 0 0 0 0 0
1498653063 0.59965 0.214587 0.0781467 0.011607 0.00272191
1498653163 0.59965 0.214587 0.0781467 0.011607 0.00272191
1498653263 0.59965 0.214587 0.0781467 0.011607 0.00272191
1498653363 0.59965 0.214587 0.0781467 0.011607 0.00272191
1498653975 0.652097 0.24168 0.0888708 0.0132578 0.00311082
1498654075 0.652097 0.24168 0.0888708 0.0132578 0.00311082
1498654175 0.652097 0.24168 0.0888708 0.0132578 0.00311082
1498654275 0.652097 0.24168 0.0888708 0.0132578 0.00311082
1498654375 0.652097 0.24168 0.0888708 0.0132578 0.00311082
1498654549 0.652097 0.24168 0.0888708 0.0132578 0.00311082
1498654703 0.652097 0.24168 0.0888708 0.0132578 0.00311082
1498655036 0.697674 0.267838 0.0994702 0.0149059 0.00349958
1498655226 0.697674 0.267838 0.0994702 0.0149059 0.00349958
1498655526 0.697674 0.267838 0.0994702 0.0149059 0.00349958
1498655626 0.697674 0.267838 0.0994702 0.0149059 0.00349958
1498655726 0.697674 0.267838 0.0994702 0.0149059 0.00349958
1498655826 0.697674 0.267838 0.0994702 0.0149059 0.00349958
1498655926 0.697674 0.267838 0.0994702 0.0149059 0.00349958
1498656026 0.73728 0.293094 0.109946 0.0165512 0.00388819
1498656126 0.73728 0.293094 0.109946 0.0165512 0.00388819
1498656226 0.73728 0.293094 0.109946 0.0165512 0.00388819
1498656326 0.73728 0.293094 0.109946 0.0165512 0.00388819
1498656426 0.73728 0.293094 0.109946 0.0165512 0.00388819
1498656526 0.73728 0.293094 0.109946 0.0165512 0.00388819
1498656626 0.73728 0.293094 0.109946 0.0165512 0.00388819
1498656726 0.73728 0.293094 0.109946 0.0165512 0.00388819
1498656826 0.73728 0.293094 0.109946 0.0165512 0.00388819
1498656926 0.73728 0.293094 0.109946 0.0165512 0.00388819
1498657026 0.771697 0.317479 0.1203 0.0181938 0.00427664
1498657126 0.771697 0.317479 0.1203 0.0181938 0.00427664
1498657226 0.771697 0.317479 0.1203 0.0181938 0.00427664
1498657326 0.771697 0.317479 0.1203 0.0181938 0.00427664
1498657426 0.771697 0.317479 0.1203 0.0181938 0.00427664
1498657526 0.771697 0.317479 0.1203 0.0181938 0.00427664
1498657626 0.771697 0.317479 0.1203 0.0181938 0.00427664
1498657726 0.771697 0.317479 0.1203 0.0181938 0.00427664
1498657826 0.771697 0.317479 0.1203 0.0181938 0.00427664
1498657926 0.771697 0.317479 0.1203 0.0181938 0.00427664
1498658026 0.801606 0.341023 0.130534 0.0198337 0.00466494
1498658126 0.801606 0.341023 0.130534 0.0198337 0.00466494
1498658226 0.801606 0.341023 0.130534 0.0198337 0.00466494
1498658326 0.801606 0.341023 0.130534 0.0198337 0.00466494
1498658426 0.801606 0.341023 0.130534 0.0198337 0.00466494
1498658526 0.801606 0.341023 0.130534 0.0198337 0.00466494
1498658626 0.801606 0.341023 0.130534 0.0198337 0.00466494
1498658726 0.801606 0.341023 0.130534 0.0198337 0.00466494
1498658826 0.801606 0.341023 0.130534 0.0198337 0.00466494
1498658926 0.801606 0.341023 0.130534 0.0198337 0.00466494
1498659026 0 0 0 0 0
1498659126 0.827596 0.363754 0.140649 0.0214708 0.00505309
1498659226 0.827596 0.363754 0.140649 0.0214708 0.00505309
1498659326 0.827596 0.363754 0.140649 0.0214708 0.00505309
1498659426 0.827596 0.363754 0.140649 0.0214708 0.00505309
1498659526 0.827596 0.363754 0.140649 0.0214708 0.00505309
1498659626 0.827596 0.363754 0.140649 0.0214708 0.00505309
1498659726 0.827596 0.363754 0.140649 0.0214708 0.00505309
1498659826 0.827596 0.363754 0.140649 0.0214708 0.00505309
1498659926 0.827596 0.363754 0.140649 0.0214708 0.00505309
1498660026 0.827596 0.363754 0.140649 0.0214708 0.00505309
1498660126 0.850203 0.385723 0.150656 0.0231067 0.00544148
1498660226 0.850203 0.385723 0.150656 0.0231067 0.00544148
1498660326 0.850203 0.385723 0.150656 0.0231067 0.00544148
1498660426 0.850203 0.385723 0.150656 0.0231067 0.00544148
1498660526 0.850203 0.385723 0.150656 0.0231067 0.00544148
1498660626 0.850203 0.385723 0.150656 0.0231067 0.00544148
1498660726 0.850203 0.385723 0.150656 0.0231067 0.00544148
1498660826 0.850203 0.385723 0.150656 0.0231067 0.00544148
1498660926 0.850203 0.385723 0.150656 0.0231067 0.00544148
1498661026 0.850203 0.385723 0.150656 0.0231067 0.00544148
1498661126 0.869827 0.406913 0.160536 0.0247384 0.00582933
1498661226 0.869827 0.406913 0.160536 0.0247384 0.00582933
1498661326 0.869827 0.406913 0.160536 0.0247384 0.00582933
1498661426 0.869827 0.406913 0.160536 0.0247384 0.00582933
1498661526 0.869827 0.406913 0.160536 0.0247384 0.00582933
1498661626 0.869827 0.406913 0.160536 0.0247384 0.00582933
1498661726 0.869827 0.406913 0.160536 0.0247384 0.00582933
1498661826 0.869827 0.406913 0.160536 0.0247384 0.00582933
1498661926 0.869827 0.406913 0.160536 0.0247384 0.00582933
1498662026 0.869827 0.406913 0.160536 0.0247384 0.00582933
1498662126 0.88688 0.427371 0.170302 0.0263673 0.00621702
1498662226 0.88688 0.427371 0.170302 0.0263673 0.00621702
1498662326 0.88688 0.427371 0.170302 0.0263673 0.00621702
1498662426 0.88688 0.427371 0.170302 0.0263673 0.00621702
1498662526 0.88688 0.427371 0.170302 0.0263673 0.00621702
1498662626 0.88688 0.427371 0.170302 0.0263673 0.00621702
1498662726 0.88688 0.427371 0.170302 0.0263673 0.00621702
1498662826 0.88688 0.427371 0.170302 0.0263673 0.00621702
1498662926 0.88688 0.427371 0.170302 0.0263673 0.00621702
1498663026 0.88688 0.427371 0.170302 0.0263673 0.00621702
1498663126 0.901699 0.447124 0.179954 0.0279935 0.00660457
1498663226 0.901699 0.447124 0.179954 0.0279935 0.00660457
1498663326 0.901699 0.447124 0.179954 0.0279935 0.00660457
1498663426 0.901699 0.447124 0.179954 0.0279935 0.00660457
1498663526 0.901699 0.447124 0.179954 0.0279935 0.00660457
1498663626 0.901699 0.447124 0.179954 0.0279935 0.00660457
1498663726 0.901699 0.447124 0.179954 0.0279935 0.00660457
1498663826 0.901699 0.447124 0.179954 0.0279935 0.00660457
1498663926 0.901699 0.447124 0.179954 0.0279935 0.00660457
1498664026 0.901699 0.447124 0.179954 0.0279935 0.00660457
1498664126 0.914577 0.466196 0.189494 0.029617 0.00699196
1498664226 0.914577 0.466196 0.189494 0.029617 0.00699196
1498664326 0.914577 0.466196 0.189494 0.029617 0.00699196
1498664426 0.914577 0.466196 0.189494 0.029617 0.00699196
1498664526 0.914577 0.466196 0.189494 0.029617 0.00699196
1498664626 0.914577 0.466196 0.189494 0.029617 0.00699196
1498664726 0.914577 0.466196 0.189494 0.029617 0.00699196
1498664826 0.914577 0.466196 0.189494 0.029617 0.00699196
1498664926 0.914577 0.466196 0.189494 0.029617 0.00699196
1498665026 0.914577 0.466196 0.189494 0.029617 0.00699196
1498665126 0.925768 0.484609 0.198922 0.0312377 0.00737921
1498665226 0.925768 0.484609 0.198922 0.0312377 0.00737921
1498665326 0.925768 0.484609 0.198922 0.0312377 0.00737921
1498665426 0.925768 0.484609 0.198922 0.0312377 0.00737921
1498665526 0.925768 0.484609 0.198922 0.0312377 0.00737921
1498665626 0.925768 0.484609 0.198922 0.0312377 0.00737921
1498665726 0.925768 0.484609 0.198922 0.0312377 0.00737921
1498665826 0.925768 0.484609 0.198922 0.0312377 0.00737921
1498665926 0.925768 0.484609 0.198922 0.0312377 0.00737921
1498666026 0.925768 0.484609 0.198922 0.0312377 0.00737921
1498666126 0.935492 0.502388 0.208241 0.0328558 0.0077663
1498666226 0.935492 0.502388 0.208241 0.0328558 0.0077663
1498666326 0.935492 0.502388 0.208241 0.0328558 0.0077663
1498666426 0.935492 0.502388 0.208241 0.0328558 0.0077663
1498666526 0.935492 0.502388 0.208241 0.0328558 0.0077663
1498666626 0.935492 0.502388 0.208241 0.0328558 0.0077663
1498666726 0.935492 0.502388 0.208241 0.0328558 0.0077663
1498666826 0.935492 0.502388 0.208241 0.0328558 0.0077663
1498666926 0.935492 0.502388 0.208241 0.0328558 0.0077663
1498667026 0.935492 0.502388 0.208241 0.0328558 0.0077663
1498667126 0.943943 0.519553 0.217452 0.0344711 0.00815324
1498667226 0.943943 0.519553 0.217452 0.0344711 0.00815324
1498667326 0.943943 0.519553 0.217452 0.0344711 0.00815324
1498667426 0.943943 0.519553 0.217452 0.0344711 0.00815324
1498667526 0.943943 0.519553 0.217452 0.0344711 0.00815324
1498667626 0.943943 0.519553 0.217452 0.0344711 0.00815324
1498667726 0.943943 0.519553 0.217452 0.0344711 0.00815324
1498667826 0.943943 0.519553 0.217452 0.0344711 0.00815324
1498667926 0.943943 0.519553 0.217452 0.0344711 0.00815324
1498668026 0.943943 0.519553 0.217452 0.0344711 0.00815324
1498668126 0 0 0 0 0
1498668226 0.951287 0.536126 0.226556 0.0360838 0.00854003
1498668326 0.951287 0.536126 0.226556 0.0360838 0.00854003
1498668426 0.951287 0.536126 0.226556 0.0360838 0.00854003
1498668526 0.951287 0.536126 0.226556 0.0360838 0.00854003
1498668626 0.951287 0.536126 0.226556 0.0360838 0.00854003
1498668726 0.951287 0.536126 0.226556 0.0360838 0.00854003
1498668826 0.951287 0.536126 0.226556 0.0360838 0.00854003
1498668926 0.951287 0.536126 0.226556 0.0360838 0.00854003
1498669026 0.951287 0.536126 0.226556 0.0360838 0.00854003
1498669126 0.951287 0.536126 0.226556 0.0360838 0.00854003
1498669226 0.957668 0.552128 0.235553 0.0376938 0.00892667
1498669326 0.957668 0.552128 0.235553 0.0376938 0.00892667
1498669426 0.957668 0.552128 0.235553 0.0376938 0.00892667
1498669526 0.957668 0.552128 0.235553 0.0376938 0.00892667
1498669626 0.957668 0.552128 0.235553 0.0376938 0.00892667
1498669726 0.957668 0.552128 0.235553 0.0376938 0.00892667
1498669826 0.957668 0.552128 0.235553 0.0376938 0.00892667
1498669926 0.957668 0.552128 0.235553 0.0376938 0.00892667
1498670026 0.957668 0.552128 0.235553 0.0376938 0.00892667
1498670126 0.957668 0.552128 0.235553 0.0376938 0.00892667
1498670226 0.963214 0.567577 0.244446 0.039301 0.00931316
1498670326 0.963214 0.567577 0.244446 0.039301 0.00931316
1498670426 0.963214 0.567577 0.244446 0.039301 0.00931316
1498670526 0.963214 0.567577 0.244446 0.039301 0.00931316
1498670626 0.963214 0.567577 0.244446 0.039301 0.00931316
1498670726 0.963214 0.567577 0.244446 0.039301 0.00931316
1498670826 0.963214 0.567577 0.244446 0.039301 0.00931316
1498670926 0.963214 0.567577 0.244446 0.039301 0.00931316
1498671026 0.963214 0.567577 0.244446 0.039301 0.00931316
1498671126 0.963214 0.567577 0.244446 0.039301 0.00931316
1498671226 0.968033 0.582493 0.253236 0.0409056 0.0096995
1498671326 0.968033 0.582493 0.253236 0.0409056 0.0096995
1498671426 0.968033 0.582493 0.253236 0.0409056 0.0096995
1498671526 0.968033 0.582493 0.253236 0.0409056 0.0096995
1498671626 0.968033 0.582493 0.253236 0.0409056 0.0096995
1498671726 0.968033 0.582493 0.253236 0.0409056 0.0096995
1498671826 0.968033 0.582493 0.253236 0.0409056 0.0096995
1498671926 0.968033 0.582493 0.253236 0.0409056 0.0096995
1498672026 0.968033 0.582493 0.253236 0.0409056 0.0096995
1498672126 0.968033 0.582493 0.253236 0.0409056 0.0096995
1498672226 0.972221 0.596895 0.261923 0.0425075 0.0100857
1498672326 0.972221 0.596895 0.261923 0.0425075 0.0100857
1498672426 0.972221 0.596895 0.261923 0.0425075 0.0100857
1498672526 0.972221 0.596895 0.261923 0.0425075 0.0100857
1498672626 0.972221 0.596895 0.261923 0.0425075 0.0100857
1498672726 0.972221 0.596895 0.261923 0.0425075 0.0100857
1498672826 0.972221 0.596895 0.261923 0.0425075 0.0100857
1498672926 0.972221 0.596895 0.261923 0.0425075 0.0100857
1498673026 0.972221 0.596895 0.261923 0.0425075 0.0100857
1498673126 0.972221 0.596895 0.261923 0.0425075 0.0100857
1498673226 0.97586 0.610801 0.270509 0.0441068 0.0104717
1498673326 0.97586 0.610801 0.270509 0.0441068 0.0104717
1498673426 0.97586 0.610801 0.270509 0.0441068 0.0104717
1498673526 0.97586 0.610801 0.270509 0.0441068 0.0104717
1498673626 0.97586 0.610801 0.270509 0.0441068 0.0104717
1498673726 0.97586 0.610801 0.270509 0.0441068 0.0104717
1498673826 0.97586 0.610801 0.270509 0.0441068 0.0104717
1498673926 0.97586 0.610801 0.270509 0.0441068 0.0104717
1498674026 0.97586 0.610801 0.270509 0.0441068 0.0104717
1498674126 0.97586 0.610801 0.270509 0.0441068 0.0104717
1498674226 0.979023 0.624226 0.278996 0.0457033 0.0108576
1498674326 0.979023 0.624226 0.278996 0.0457033 0.0108576
1498674426 0.979023 0.624226 0.278996 0.0457033 0.0108576
1498674526 0.979023 0.624226 0.278996 0.0457033 0.0108576
1498674626 0.979023 0.624226 0.278996 0.0457033 0.0108576
1498674726 0.979023 0.624226 0.278996 0.0457033 0.0108576
1498674826 0.979023 0.624226 0.278996 0.0457033 0.0108576
1498674926 0.979023 0.624226 0.278996 0.0457033 0.0108576
1498675026 0.979023 0.624226 0.278996 0.0457033 0.0108576
1498675126 0.979023 0.624226 0.278996 0.0457033 0.0108576
1498675226 0.981771 0.637188 0.287383 0.0472972 0.0112433
1498675326 0.981771 0.637188 0.287383 0.0472972 0.0112433
1498675426 0.981771 0.637188 0.287383 0.0472972 0.0112433
1498675526 0.981771 0.637188 0.287383 0.0472972 0.0112433
1498675626 0.981771 0.637188 0.287383 0.0472972 0.0112433
1498675726 0.981771 0.637188 0.287383 0.0472972 0.0112433
1498675826 0.981771 0.637188 0.287383 0.0472972 0.0112433
1498675926 0.981771 0.637188 0.287383 0.0472972 0.0112433
1498676026 0.981771 0.637188 0.287383 0.0472972 0.0112433
1498676126 0.981771 0.637188 0.287383 0.0472972 0.0112433
1498676226 0.984159 0.649704 0.295673 0.0488884 0.0116289
1498676326 0.984159 0.649704 0.295673 0.0488884 0.0116289
1498676426 0.984159 0.649704 0.295673 0.0488884 0.0116289
1498676526 0.984159 0.649704 0.295673 0.0488884 0.0116289
1498676626 0.984159 0.649704 0.295673 0.0488884 0.0116289
1498676726 0.984159 0.649704 0.295673 0.0488884 0.0116289
1498676826 0.984159 0.649704 0.295673 0.0488884 0.0116289
1498676926 0.984159 0.649704 0.295673 0.0488884 0.0116289
1498677026 0.984159 0.649704 0.295673 0.0488884 0.0116289
1498677126 0.984159 0.649704 0.295673 0.0488884 0.0116289
1498677226 0 0 0 0 0
1498677326 0.986234 0.661787 0.303867 0.050477 0.0120144
1498677426 0.986234 0.661787 0.303867 0.050477 0.0120144
1498677526 0.986234 0.661787 0.303867 0.050477 0.0120144
1498677626 0.986234 0.661787 0.303867 0.050477 0.0120144
1498677726 0.986234 0.661787 0.303867 0.050477 0.0120144
1498677826 0.986234 0.661787 0.303867 0.050477 0.0120144
1498677926 0.986234 0.661787 0.303867 0.050477 0.0120144
1498678026 0.986234 0.661787 0.303867 0.050477 0.0120144
1498678126 0.986234 0.661787 0.303867 0.050477 0.0120144
1498678226 0.986234 0.661787 0.303867 0.050477 0.0120144
1498678326 0.988037 0.673454 0.311965 0.0520629 0.0123997
1498678426 0.988037 0.673454 0.311965 0.0520629 0.0123997
1498678526 0.988037 0.673454 0.311965 0.0520629 0.0123997
1498678626 0.988037 0.673454 0.311965 0.0520629 0.0123997
1498678726 0.988037 0.673454 0.311965 0.0520629 0.0123997
1498678826 0.988037 0.673454 0.311965 0.0520629 0.0123997
1498678926 0.988037 0.673454 0.311965 0.0520629 0.0123997
1498679026 0.988037 0.673454 0.311965 0.0520629 0.0123997
1498679126 0.988037 0.673454 0.311965 0.0520629 0.0123997
1498679226 0.988037 0.673454 0.311965 0.0520629 0.0123997
1498679326 0.989606 0.684729 0.319977 0.0536478 0.0127852
1498679426 0.989606 0.684729 0.319977 0.0536478 0.0127852
1498679526 0.989606 0.684729 0.319977 0.0536478 0.0127852
1498679626 0.989606 0.684729 0.319977 0.0536478 0.0127852
1498679726 0.989606 0.684729 0.319977 0.0536478 0.0127852
1498679826 0.989606 0.684729 0.319977 0.0536478 0.0127852
1498679926 0.989606 0.684729 0.319977 0.0536478 0.0127852
1498680026 0.989606 0.684729 0.319977 0.0536478 0.0127852
1498680126 0.989606 0.684729 0.319977 0.0536478 0.0127852
1498680226 0.989606 0.684729 0.319977 0.0536478 0.0127852
1498680326 0.990968 0.695605 0.327888 0.0552284 0.0131702
1498680426 0.990968 0.695605 0.327888 0.0552284 0.0131702
1498680526 0.990968 0.695605 0.327888 0.0552284 0.0131702
1498680626 0.990968 0.695605 0.327888 0.0552284 0.0131702
1498680726 0.990968 0.695605 0.327888 0.0552284 0.0131702
1498680826 0.990968 0.695605 0.327888 0.0552284 0.0131702
1498680926 0.990968 0.695605 0.327888 0.0552284 0.0131702
1498681026 0.990968 0.695605 0.327888 0.0552284 0.0131702
1498681126 0.990968 0.695605 0.327888 0.0552284 0.0131702
1498681226 0.990968 0.695605 0.327888 0.0552284 0.0131702
1498681326 0.992152 0.706115 0.335714 0.056808 0.0135554
1498681426 0.992152 0.706115 0.335714 0.056808 0.0135554
1498681526 0.992152 0.706115 0.335714 0.056808 0.0135554
1498681626 0.992152 0.706115 0.335714 0.056808 0.0135554
1498681726 0.992152 0.706115 0.335714 0.056808 0.0135554
1498681826 0.992152 0.706115 0.335714 0.056808 0.0135554
1498681926 0.992152 0.706115 0.335714 0.056808 0.0135554
1498682026 0.992152 0.706115 0.335714 0.056808 0.0135554
1498682126 0.992152 0.706115 0.335714 0.056808 0.0135554
1498682226 0.992152 0.706115 0.335714 0.056808 0.0135554
1498682326 0.99318 0.716253 0.343442 0.0583833 0.0139401
1498682426 0.99318 0.716253 0.343442 0.0583833 0.0139401
1498682526 0.99318 0.716253 0.343442 0.0583833 0.0139401
1498682626 0.99318 0.716253 0.343442 0.0583833 0.0139401
1498682726 0.99318 0.716253 0.343442 0.0583833 0.0139401
1498682826 0.99318 0.716253 0.343442 0.0583833 0.0139401
1498682926 0.99318 0.716253 0.343442 0.0583833 0.0139401
1498683026 0.99318 0.716253 0.343442 0.0583833 0.0139401
1498683126 0.99318 0.716253 0.343442 0.0583833 0.0139401
1498683226 0.99318 0.716253 0.343442 0.0583833 0.0139401
1498683326 0.994074 0.72604 0.35108 0.059956 0.0143246
1498683426 0.994074 0.72604 0.35108 0.059956 0.0143246
1498683526 0.994074 0.72604 0.35108 0.059956 0.0143246
1498683626 0.994074 0.72604 0.35108 0.059956 0.0143246
1498683726 0.994074 0.72604 0.35108 0.059956 0.0143246
1498683826 0.994074 0.72604 0.35108 0.059956 0.0143246
1498683926 0.994074 0.72604 0.35108 0.059956 0.0143246
1498684026 0.994074 0.72604 0.35108 0.059956 0.0143246
1498684126 0.994074 0.72604 0.35108 0.059956 0.0143246
1498684226 0.994074 0.72604 0.35108 0.059956 0.0143246
1498684326 0.99485 0.735491 0.358629 0.0615261 0.014709
1498684426 0.99485 0.735491 0.358629 0.0615261 0.014709
1498684526 0.99485 0.735491 0.358629 0.0615261 0.014709
1498684626 0.99485 0.735491 0.358629 0.0615261 0.014709
1498684726 0.99485 0.735491 0.358629 0.0615261 0.014709
1498684826 0.99485 0.735491 0.358629 0.0615261 0.014709
1498684926 0.99485 0.735491 0.358629 0.0615261 0.014709
1498685026 0.99485 0.735491 0.358629 0.0615261 0.014709
1498685126 0.99485 0.735491 0.358629 0.0615261 0.014709
1498685226 0.99485 0.735491 0.358629 0.0615261 0.014709
1498685326 0.995525 0.744615 0.36609 0.0630936 0.0150932
1498685426 0.995525 0.744615 0.36609 0.0630936 0.0150932
1498685526 0.995525 0.744615 0.36609 0.0630936 0.0150932
1498685626 0.995525 0.744615 0.36609 0.0630936 0.0150932
1498685726 0.995525 0.744615 0.36609 0.0630936 0.0150932
1498685826 0.995525 0.744615 0.36609 0.0630936 0.0150932
1498685926 0.995525 0.744615 0.36609 0.0630936 0.0150932
1498686026 0.995525 0.744615 0.36609 0.0630936 0.0150932
1498686126 0.995525 0.744615 0.36609 0.0630936 0.0150932
1498686226 0.995525 0.744615 0.36609 0.0630936 0.0150932
1498686326 0 0 0 0 0
1498686426 0.996111 0.753433 0.373472 0.06466 0.0154777
1498686526 0.996111 0.753433 0.373472 0.06466 0.0154777
1498686626 0.996111 0.753433 0.373472 0.06466 0.0154777
1498686726 0.996111 0.753433 0.373472 0.06466 0.0154777
1498686826 0.996111 0.753433 0.373472 0.06466 0.0154777
1498686926 0.996111 0.753433 0.373472 0.06466 0.0154777
1498687026 0.996111 0.753433 0.373472 0.06466 0.0154777
1498687126 0.996111 0.753433 0.373472 0.06466 0.0154777
1498687226 0.996111 0.753433 0.373472 0.06466 0.0154777
1498687326 0.996111 0.753433 0.373472 0.06466 0.0154777
1498687426 0.996621 0.761938 0.38076 0.0662222 0.0158616
1498687526 0.996621 0.761938 0.38076 0.0662222 0.0158616
1498687626 0.996621 0.761938 0.38076 0.0662222 0.0158616
1498687726 0.996621 0.761938 0.38076 0.0662222 0.0158616
1498687826 0.996621 0.761938 0.38076 0.0662222 0.0158616
1498687926 0.996621 0.761938 0.38076 0.0662222 0.0158616
1498688026 0.996621 0.761938 0.38076 0.0662222 0.0158616
1498688126 0.996621 0.761938 0.38076 0.0662222 0.0158616
1498688226 0.996621 0.761938 0.38076 0.0662222 0.0158616
1498688326 0.996621 0.761938 0.38076 0.0662222 0.0158616
1498688426 0.997064 0.77015 0.387964 0.0677818 0.0162454
1498688526 0.997064 0.77015 0.387964 0.0677818 0.0162454
1498688626 0.997064 0.77015 0.387964 0.0677818 0.0162454
1498688726 0.997064 0.77015 0.387964 0.0677818 0.0162454
1498688826 0.997064 0.77015 0.387964 0.0677818 0.0162454
1498688926 0.997064 0.77015 0.387964 0.0677818 0.0162454
1498689026 0.997064 0.77015 0.387964 0.0677818 0.0162454
1498689126 0.997064 0.77015 0.387964 0.0677818 0.0162454
1498689226 0.997064 0.77015 0.387964 0.0677818 0.0162454
1498689326 0.997064 0.77015 0.387964 0.0677818 0.0162454
1498689426 0.997448 0.778079 0.395084 0.0693389 0.016629
1498689526 0.997448 0.778079 0.395084 0.0693389 0.016629
1498689626 0.997448 0.778079 0.395084 0.0693389 0.016629
1498689726 0.997448 0.778079 0.395084 0.0693389 0.016629
1498689826 0.997448 0.778079 0.395084 0.0693389 0.016629
1498689926 0.997448 0.778079 0.395084 0.0693389 0.016629
1498690026 0.997448 0.778079 0.395084 0.0693389 0.016629
1498690126 0.997448 0.778079 0.395084 0.0693389 0.016629
1498690226 0.997448 0.778079 0.395084 0.0693389 0.016629
1498690326 0.997448 0.778079 0.395084 0.0693389 0.016629
1498690426 0.997783 0.785734 0.402121 0.0708933 0.0170125
1498690526 0.997783 0.785734 0.402121 0.0708933 0.0170125
1498690626 0.997783 0.785734 0.402121 0.0708933 0.0170125
1498690726 0.997783 0.785734 0.402121 0.0708933 0.0170125
1498690826 0.997783 0.785734 0.402121 0.0708933 0.0170125
1498690926 0.997783 0.785734 0.402121 0.0708933 0.0170125
1498691026 0.997783 0.785734 0.402121 0.0708933 0.0170125
1498691126 0.997783 0.785734 0.402121 0.0708933 0.0170125
1498691226 0.997783 0.785734 0.402121 0.0708933 0.0170125
1498691326 0.997783 0.785734 0.402121 0.0708933 0.0170125
1498691426 0.998073 0.793125 0.409076 0.0724451 0.0173958
1498691526 0.998073 0.793125 0.409076 0.0724451 0.0173958
1498691626 0.998073 0.793125 0.409076 0.0724451 0.0173958
1498691726 0.998073 0.793125 0.409076 0.0724451 0.0173958
1498691826 0.998073 0.793125 0.409076 0.0724451 0.0173958
1498691926 0.998073 0.793125 0.409076 0.0724451 0.0173958
1498692026 0.998073 0.793125 0.409076 0.0724451 0.0173958
1498692126 0.998073 0.793125 0.409076 0.0724451 0.0173958
1498692226 0.998073 0.793125 0.409076 0.0724451 0.0173958
1498692326 0.998073 0.793125 0.409076 0.0724451 0.0173958
1498692426 0.998325 0.800262 0.415951 0.0739943 0.017779
1498692526 0.998325 0.800262 0.415951 0.0739943 0.017779
1498692626 0.998325 0.800262 0.415951 0.0739943 0.017779
1498692726 0.998325 0.800262 0.415951 0.0739943 0.017779
1498692826 0.998325 0.800262 0.415951 0.0739943 0.017779
1498692926 0.998325 0.800262 0.415951 0.0739943 0.017779
1498693026 0.998325 0.800262 0.415951 0.0739943 0.017779
1498693126 0.998325 0.800262 0.415951 0.0739943 0.017779
1498693226 0.998325 0.800262 0.415951 0.0739943 0.017779
1498693326 0.998325 0.800262 0.415951 0.0739943 0.017779
1498693426 0.998545 0.807152 0.422745 0.075541 0.0181621
1498693526 0.998545 0.807152 0.422745 0.075541 0.0181621
1498693626 0.998545 0.807152 0.422745 0.075541 0.0181621
1498693726 0.998545 0.807152 0.422745 0.075541 0.0181621
1498693826 0.998545 0.807152 0.422745 0.075541 0.0181621
1498693926 0.998545 0.807152 0.422745 0.075541 0.0181621
1498694026 0.998545 0.807152 0.422745 0.075541 0.0181621
1498694126 0.998545 0.807152 0.422745 0.075541 0.0181621
1498694226 0.998545 0.807152 0.422745 0.075541 0.0181621
1498694326 0.998545 0.807152 0.422745 0.075541 0.0181621
1498694426 0.998736 0.813817 0.429473 0.0770881 0.0185457
1498694526 0.998736 0.813817 0.429473 0.0770881 0.0185457
1498694626 0.998736 0.813817 0.429473 0.0770881 0.0185457
1498694726 0.998736 0.813817 0.429473 0.0770881 0.0185457
1498694826 0.998736 0.813817 0.429473 0.0770881 0.0185457
1498694926 0.998736 0.813817 0.429473 0.0770881 0.0185457
1498695026 0.998736 0.813817 0.429473 0.0770881 0.0185457
1498695126 0.998736 0.813817 0.429473 0.0770881 0.0185457
1498695226 0.998736 0.813817 0.429473 0.0770881 0.0185457
1498695326 0.998736 0.813817 0.429473 0.0770881 0.0185457
1498695426 0 0 0 0 0
1498695526 0.998901 0.820239 0.43611 0.0786296 0.0189284
1498695626 0.998901 0.820239 0.43611 0.0786296 0.0189284
1498695726 0.998901 0.820239 0.43611 0.0786296 0.0189284
1498695826 0.998901 0.820239 0.43611 0.0786296 0.0189284
1498695926 0.998901 0.820239 0.43611 0.0786296 0.0189284
1498696026 0.998901 0.820239 0.43611 0.0786296 0.0189284
1498696126 0.998901 0.820239 0.43611 0.0786296 0.0189284
1498702085 0.999558 0.856871 0.477358 0.0885738 0.0214094
1498702185 0.999558 0.856871 0.477358 0.0885738 0.0214094
1498702285 0.999558 0.856871 0.477358 0.0885738 0.0214094
1498702385 0.999558 0.856871 0.477358 0.0885738 0.0214094
1498702485 0.999558 0.856871 0.477358 0.0885738 0.0214094
1498702585 0.999558 0.856871 0.477358 0.0885738 0.0214094
1498702685 0.999558 0.856871 0.477358 0.0885738 0.0214094
1498702785 0.999558 0.856871 0.477358 0.0885738 0.0214094
1498702885 0.999558 0.856871 0.477358 0.0885738 0.0214094
1498702985 0.999558 0.856871 0.477358 0.0885738 0.0214094
1498703085 0.86982 0.827601 0.471859 0.0884273 0.0214011
1498703185 0.86982 0.827601 0.471859 0.0884273 0.0214011
1498703285 0.86982 0.827601 0.471859 0.0884273 0.0214011
1498703385 0.86982 0.827601 0.471859 0.0884273 0.0214011
